<?xml version="1.0" encoding="UTF-8"?>
<!-- Generated by org.testng.reporters.JUnitReportReporter -->
<testsuite hostname="DESKTOP-8SMU3VE" failures="0" tests="1" name="com.web.testng.TestNg" time="0.017" errors="0" timestamp="26 Dec 2021 18:59:40 GMT">
  <testcase classname="com.web.testng.TestNg" name="a" time="0.017"/>
</testsuite> <!-- com.web.testng.TestNg -->
